2026-02-23 13:24:42 [main] INFO  c.u.c.CheckBookApplicationTests - Starting CheckBookApplicationTests using Java 17.0.12 with PID 8752 (started by hp in C:\Users\hp\Documents\Book_check_project\check_book) 
2026-02-23 13:24:42 [main] DEBUG c.u.c.CheckBookApplicationTests - Running with Spring Boot v3.3.2, Spring v6.1.11 
2026-02-23 13:24:42 [main] INFO  c.u.c.CheckBookApplicationTests - No active profile set, falling back to 1 default profile: "default" 
2026-02-23 13:24:44 [main] INFO  o.s.d.r.c.RepositoryConfigurationDelegate - Bootstrapping Spring Data JPA repositories in DEFAULT mode. 
2026-02-23 13:24:44 [main] INFO  o.s.d.r.c.RepositoryConfigurationDelegate - Finished Spring Data repository scanning in 134 ms. Found 9 JPA repository interfaces. 
2026-02-23 13:24:45 [main] INFO  o.h.jpa.internal.util.LogHelper - HHH000204: Processing PersistenceUnitInfo [name: default] 
2026-02-23 13:24:45 [main] INFO  org.hibernate.Version - HHH000412: Hibernate ORM core version 6.5.2.Final 
2026-02-23 13:24:45 [main] INFO  o.h.c.i.RegionFactoryInitiator - HHH000026: Second-level cache disabled 
2026-02-23 13:24:46 [main] INFO  o.s.o.j.p.SpringPersistenceUnitInfo - No LoadTimeWeaver setup: ignoring JPA class transformer 
2026-02-23 13:24:46 [main] INFO  com.zaxxer.hikari.HikariDataSource - HikariPool-1 - Starting... 
2026-02-23 13:24:47 [main] INFO  com.zaxxer.hikari.pool.HikariPool - HikariPool-1 - Added connection com.mysql.cj.jdbc.ConnectionImpl@2e0652ab 
2026-02-23 13:24:47 [main] INFO  com.zaxxer.hikari.HikariDataSource - HikariPool-1 - Start completed. 
2026-02-23 13:24:47 [main] WARN  org.hibernate.orm.deprecation - HHH90000025: MySQLDialect does not need to be specified explicitly using 'hibernate.dialect' (remove the property setting and it will be selected by default) 
2026-02-23 13:24:49 [main] INFO  o.h.e.t.j.p.i.JtaPlatformInitiator - HHH000489: No JTA platform available (set 'hibernate.transaction.jta.platform' to enable JTA platform integration) 
2026-02-23 13:24:49 [main] INFO  o.s.o.j.LocalContainerEntityManagerFactoryBean - Initialized JPA EntityManagerFactory for persistence unit 'default' 
2026-02-23 13:24:50 [main] WARN  o.s.b.a.o.j.JpaBaseConfiguration$JpaWebConfiguration - spring.jpa.open-in-view is enabled by default. Therefore, database queries may be performed during view rendering. Explicitly configure spring.jpa.open-in-view to disable this warning 
2026-02-23 13:24:51 [main] WARN  o.s.b.a.s.s.UserDetailsServiceAutoConfiguration - 

Using generated security password: 86d93fe0-b54c-4601-9a6e-54f2417ac681

This generated password is for development use only. Your security configuration must be updated before running your application in production.
 
2026-02-23 13:24:51 [main] INFO  o.s.s.c.a.a.c.InitializeUserDetailsBeanManagerConfigurer$InitializeUserDetailsManagerConfigurer - Global AuthenticationManager configured with UserDetailsService bean with name inMemoryUserDetailsManager 
2026-02-23 13:24:51 [main] INFO  c.u.c.CheckBookApplicationTests - Started CheckBookApplicationTests in 9.655 seconds (process running for 11.154) 
2026-02-23 13:24:53 [SpringApplicationShutdownHook] INFO  o.s.o.j.LocalContainerEntityManagerFactoryBean - Closing JPA EntityManagerFactory for persistence unit 'default' 
2026-02-23 13:24:53 [SpringApplicationShutdownHook] INFO  com.zaxxer.hikari.HikariDataSource - HikariPool-1 - Shutdown initiated... 
2026-02-23 13:24:53 [SpringApplicationShutdownHook] INFO  com.zaxxer.hikari.HikariDataSource - HikariPool-1 - Shutdown completed. 
2026-02-23 13:59:04 [main] INFO  [] c.u.c.CheckBookApplicationTests - Starting CheckBookApplicationTests using Java 17.0.12 with PID 22168 (started by hp in C:\Users\hp\Documents\Book_check_project\check_book)
2026-02-23 13:59:04 [main] INFO  [] c.u.c.CheckBookApplicationTests - No active profile set, falling back to 1 default profile: "default"
2026-02-23 13:59:06 [main] INFO  [] o.s.d.r.c.RepositoryConfigurationDelegate - Bootstrapping Spring Data JPA repositories in DEFAULT mode.
2026-02-23 13:59:06 [main] INFO  [] o.s.d.r.c.RepositoryConfigurationDelegate - Finished Spring Data repository scanning in 163 ms. Found 9 JPA repository interfaces.
2026-02-23 13:59:07 [main] INFO  [] o.h.jpa.internal.util.LogHelper - HHH000204: Processing PersistenceUnitInfo [name: default]
2026-02-23 13:59:07 [main] INFO  [] org.hibernate.Version - HHH000412: Hibernate ORM core version 6.5.2.Final
2026-02-23 13:59:07 [main] INFO  [] o.h.c.i.RegionFactoryInitiator - HHH000026: Second-level cache disabled
2026-02-23 13:59:08 [main] INFO  [] o.s.o.j.p.SpringPersistenceUnitInfo - No LoadTimeWeaver setup: ignoring JPA class transformer
2026-02-23 13:59:08 [main] INFO  [] com.zaxxer.hikari.HikariDataSource - HikariPool-1 - Starting...
2026-02-23 13:59:09 [main] INFO  [] com.zaxxer.hikari.pool.HikariPool - HikariPool-1 - Added connection com.mysql.cj.jdbc.ConnectionImpl@2ecdcfe3
2026-02-23 13:59:09 [main] INFO  [] com.zaxxer.hikari.HikariDataSource - HikariPool-1 - Start completed.
2026-02-23 13:59:09 [main] WARN  [] org.hibernate.orm.deprecation - HHH90000025: MySQLDialect does not need to be specified explicitly using 'hibernate.dialect' (remove the property setting and it will be selected by default)
2026-02-23 13:59:11 [main] INFO  [] o.h.e.t.j.p.i.JtaPlatformInitiator - HHH000489: No JTA platform available (set 'hibernate.transaction.jta.platform' to enable JTA platform integration)
2026-02-23 13:59:11 [main] INFO  [] o.s.o.j.LocalContainerEntityManagerFactoryBean - Initialized JPA EntityManagerFactory for persistence unit 'default'
2026-02-23 13:59:12 [main] WARN  [] o.s.b.a.o.j.JpaBaseConfiguration$JpaWebConfiguration - spring.jpa.open-in-view is enabled by default. Therefore, database queries may be performed during view rendering. Explicitly configure spring.jpa.open-in-view to disable this warning
2026-02-23 13:59:13 [main] WARN  [] o.s.b.a.s.s.UserDetailsServiceAutoConfiguration - 

Using generated security password: 1bf00afe-a1c7-47a0-a34a-3594351a955d

This generated password is for development use only. Your security configuration must be updated before running your application in production.

2026-02-23 13:59:13 [main] INFO  [] o.s.s.c.a.a.c.InitializeUserDetailsBeanManagerConfigurer$InitializeUserDetailsManagerConfigurer - Global AuthenticationManager configured with UserDetailsService bean with name inMemoryUserDetailsManager
2026-02-23 13:59:14 [main] INFO  [] c.u.c.CheckBookApplicationTests - Started CheckBookApplicationTests in 10.486 seconds (process running for 12.255)
2026-02-23 13:59:15 [SpringApplicationShutdownHook] INFO  [] o.s.o.j.LocalContainerEntityManagerFactoryBean - Closing JPA EntityManagerFactory for persistence unit 'default'
2026-02-23 13:59:15 [SpringApplicationShutdownHook] INFO  [] com.zaxxer.hikari.HikariDataSource - HikariPool-1 - Shutdown initiated...
2026-02-23 13:59:15 [SpringApplicationShutdownHook] INFO  [] com.zaxxer.hikari.HikariDataSource - HikariPool-1 - Shutdown completed.
2026-02-23 14:03:10 [main] INFO  [] c.u.c.CheckBookApplicationTests - Starting CheckBookApplicationTests using Java 17.0.12 with PID 5220 (started by hp in C:\Users\hp\Documents\Book_check_project\check_book)
2026-02-23 14:03:10 [main] INFO  [] c.u.c.CheckBookApplicationTests - No active profile set, falling back to 1 default profile: "default"
2026-02-23 14:03:12 [main] INFO  [] o.s.d.r.c.RepositoryConfigurationDelegate - Bootstrapping Spring Data JPA repositories in DEFAULT mode.
2026-02-23 14:03:13 [main] INFO  [] o.s.d.r.c.RepositoryConfigurationDelegate - Finished Spring Data repository scanning in 223 ms. Found 9 JPA repository interfaces.
2026-02-23 14:03:14 [main] INFO  [] o.h.jpa.internal.util.LogHelper - HHH000204: Processing PersistenceUnitInfo [name: default]
2026-02-23 14:03:15 [main] INFO  [] org.hibernate.Version - HHH000412: Hibernate ORM core version 6.5.2.Final
2026-02-23 14:03:15 [main] INFO  [] o.h.c.i.RegionFactoryInitiator - HHH000026: Second-level cache disabled
2026-02-23 14:03:16 [main] INFO  [] o.s.o.j.p.SpringPersistenceUnitInfo - No LoadTimeWeaver setup: ignoring JPA class transformer
2026-02-23 14:03:16 [main] INFO  [] com.zaxxer.hikari.HikariDataSource - HikariPool-1 - Starting...
2026-02-23 14:03:17 [main] INFO  [] com.zaxxer.hikari.pool.HikariPool - HikariPool-1 - Added connection com.mysql.cj.jdbc.ConnectionImpl@65b73689
2026-02-23 14:03:17 [main] INFO  [] com.zaxxer.hikari.HikariDataSource - HikariPool-1 - Start completed.
2026-02-23 14:03:17 [main] WARN  [] org.hibernate.orm.deprecation - HHH90000025: MySQLDialect does not need to be specified explicitly using 'hibernate.dialect' (remove the property setting and it will be selected by default)
2026-02-23 14:03:19 [main] INFO  [] o.h.e.t.j.p.i.JtaPlatformInitiator - HHH000489: No JTA platform available (set 'hibernate.transaction.jta.platform' to enable JTA platform integration)
2026-02-23 14:03:19 [main] INFO  [] o.s.o.j.LocalContainerEntityManagerFactoryBean - Initialized JPA EntityManagerFactory for persistence unit 'default'
2026-02-23 14:03:21 [main] WARN  [] o.s.b.a.o.j.JpaBaseConfiguration$JpaWebConfiguration - spring.jpa.open-in-view is enabled by default. Therefore, database queries may be performed during view rendering. Explicitly configure spring.jpa.open-in-view to disable this warning
2026-02-23 14:03:22 [main] WARN  [] o.s.b.a.s.s.UserDetailsServiceAutoConfiguration - 

Using generated security password: 04db36f8-6787-499e-b6a2-3dc0cdb92fc7

This generated password is for development use only. Your security configuration must be updated before running your application in production.

2026-02-23 14:03:23 [main] INFO  [] o.s.s.c.a.a.c.InitializeUserDetailsBeanManagerConfigurer$InitializeUserDetailsManagerConfigurer - Global AuthenticationManager configured with UserDetailsService bean with name inMemoryUserDetailsManager
2026-02-23 14:03:23 [main] INFO  [] c.u.c.CheckBookApplicationTests - Started CheckBookApplicationTests in 14.144 seconds (process running for 16.58)
2026-02-23 14:03:25 [SpringApplicationShutdownHook] INFO  [] o.s.o.j.LocalContainerEntityManagerFactoryBean - Closing JPA EntityManagerFactory for persistence unit 'default'
2026-02-23 14:03:25 [SpringApplicationShutdownHook] INFO  [] com.zaxxer.hikari.HikariDataSource - HikariPool-1 - Shutdown initiated...
2026-02-23 14:03:25 [SpringApplicationShutdownHook] INFO  [] com.zaxxer.hikari.HikariDataSource - HikariPool-1 - Shutdown completed.
2026-02-23 14:13:36 [restartedMain] INFO  [] c.u.check_book.CheckBookApplication - Starting CheckBookApplication using Java 17.0.12 with PID 21788 (C:\Users\hp\Documents\Book_check_project\check_book\target\classes started by hp in C:\Users\hp\Documents\Book_check_project\check_book)
2026-02-23 14:13:36 [restartedMain] INFO  [] c.u.check_book.CheckBookApplication - No active profile set, falling back to 1 default profile: "default"
2026-02-23 14:13:36 [restartedMain] INFO  [] o.s.b.d.e.DevToolsPropertyDefaultsPostProcessor - Devtools property defaults active! Set 'spring.devtools.add-properties' to 'false' to disable
2026-02-23 14:13:36 [restartedMain] INFO  [] o.s.b.d.e.DevToolsPropertyDefaultsPostProcessor - For additional web related logging consider setting the 'logging.level.web' property to 'DEBUG'
2026-02-23 14:13:37 [restartedMain] INFO  [] o.s.d.r.c.RepositoryConfigurationDelegate - Bootstrapping Spring Data JPA repositories in DEFAULT mode.
2026-02-23 14:13:37 [restartedMain] INFO  [] o.s.d.r.c.RepositoryConfigurationDelegate - Finished Spring Data repository scanning in 83 ms. Found 9 JPA repository interfaces.
2026-02-23 14:13:38 [restartedMain] INFO  [] o.s.b.w.e.tomcat.TomcatWebServer - Tomcat initialized with port 8080 (http)
2026-02-23 14:13:38 [restartedMain] INFO  [] o.a.coyote.http11.Http11NioProtocol - Initializing ProtocolHandler ["http-nio-8080"]
2026-02-23 14:13:38 [restartedMain] INFO  [] o.a.catalina.core.StandardService - Starting service [Tomcat]
2026-02-23 14:13:38 [restartedMain] INFO  [] o.a.catalina.core.StandardEngine - Starting Servlet engine: [Apache Tomcat/10.1.26]
2026-02-23 14:13:38 [restartedMain] INFO  [] o.a.c.c.C.[Tomcat].[localhost].[/] - Initializing Spring embedded WebApplicationContext
2026-02-23 14:13:38 [restartedMain] INFO  [] o.s.b.w.s.c.ServletWebServerApplicationContext - Root WebApplicationContext: initialization completed in 1821 ms
2026-02-23 14:13:38 [restartedMain] INFO  [] o.h.jpa.internal.util.LogHelper - HHH000204: Processing PersistenceUnitInfo [name: default]
2026-02-23 14:13:39 [restartedMain] INFO  [] org.hibernate.Version - HHH000412: Hibernate ORM core version 6.5.2.Final
2026-02-23 14:13:39 [restartedMain] INFO  [] o.h.c.i.RegionFactoryInitiator - HHH000026: Second-level cache disabled
2026-02-23 14:13:39 [restartedMain] INFO  [] o.s.o.j.p.SpringPersistenceUnitInfo - No LoadTimeWeaver setup: ignoring JPA class transformer
2026-02-23 14:13:39 [restartedMain] INFO  [] com.zaxxer.hikari.HikariDataSource - HikariPool-1 - Starting...
2026-02-23 14:13:39 [restartedMain] INFO  [] com.zaxxer.hikari.pool.HikariPool - HikariPool-1 - Added connection com.mysql.cj.jdbc.ConnectionImpl@5cc45101
2026-02-23 14:13:39 [restartedMain] INFO  [] com.zaxxer.hikari.HikariDataSource - HikariPool-1 - Start completed.
2026-02-23 14:13:39 [restartedMain] WARN  [] org.hibernate.orm.deprecation - HHH90000025: MySQLDialect does not need to be specified explicitly using 'hibernate.dialect' (remove the property setting and it will be selected by default)
2026-02-23 14:13:41 [restartedMain] INFO  [] o.h.e.t.j.p.i.JtaPlatformInitiator - HHH000489: No JTA platform available (set 'hibernate.transaction.jta.platform' to enable JTA platform integration)
2026-02-23 14:13:41 [restartedMain] INFO  [] o.s.o.j.LocalContainerEntityManagerFactoryBean - Initialized JPA EntityManagerFactory for persistence unit 'default'
2026-02-23 14:13:41 [restartedMain] WARN  [] o.s.b.a.o.j.JpaBaseConfiguration$JpaWebConfiguration - spring.jpa.open-in-view is enabled by default. Therefore, database queries may be performed during view rendering. Explicitly configure spring.jpa.open-in-view to disable this warning
2026-02-23 14:13:42 [restartedMain] WARN  [] o.s.b.a.s.s.UserDetailsServiceAutoConfiguration - 

Using generated security password: 76c0baf9-b056-44d0-aa15-19506760146a

This generated password is for development use only. Your security configuration must be updated before running your application in production.

2026-02-23 14:13:42 [restartedMain] INFO  [] o.s.s.c.a.a.c.InitializeUserDetailsBeanManagerConfigurer$InitializeUserDetailsManagerConfigurer - Global AuthenticationManager configured with UserDetailsService bean with name inMemoryUserDetailsManager
2026-02-23 14:13:42 [restartedMain] INFO  [] o.s.b.d.a.OptionalLiveReloadServer - LiveReload server is running on port 35729
2026-02-23 14:13:42 [restartedMain] INFO  [] o.a.coyote.http11.Http11NioProtocol - Starting ProtocolHandler ["http-nio-8080"]
2026-02-23 14:13:42 [restartedMain] INFO  [] o.s.b.w.e.tomcat.TomcatWebServer - Tomcat started on port 8080 (http) with context path '/'
2026-02-23 14:13:42 [restartedMain] INFO  [] c.u.check_book.CheckBookApplication - Started CheckBookApplication in 6.035 seconds (process running for 6.682)
2026-02-23 14:13:56 [http-nio-8080-exec-2] INFO  [] o.a.c.c.C.[Tomcat].[localhost].[/] - Initializing Spring DispatcherServlet 'dispatcherServlet'
2026-02-23 14:13:56 [http-nio-8080-exec-2] INFO  [] o.s.web.servlet.DispatcherServlet - Initializing Servlet 'dispatcherServlet'
2026-02-23 14:13:56 [http-nio-8080-exec-2] INFO  [] o.s.web.servlet.DispatcherServlet - Completed initialization in 2 ms
2026-02-23 16:47:33 [SpringApplicationShutdownHook] INFO  [] o.s.o.j.LocalContainerEntityManagerFactoryBean - Closing JPA EntityManagerFactory for persistence unit 'default'
2026-02-23 16:47:33 [SpringApplicationShutdownHook] INFO  [] com.zaxxer.hikari.HikariDataSource - HikariPool-1 - Shutdown initiated...
2026-02-23 16:47:33 [SpringApplicationShutdownHook] INFO  [] com.zaxxer.hikari.HikariDataSource - HikariPool-1 - Shutdown completed.
